<?xml version="1.0" encoding="UTF-8"?>
<robot generator="Robot 7.0.1 (Python 3.9.6 on darwin)" generated="2024-06-28T17:44:17.229868" rpa="false" schemaversion="5">
<suite id="s1" name="TC2" source="/Users/omkar/Desktop/PythonProject/Test_cases/TC2.robot">
<test id="s1-t1" name="Google" line="8">
<kw name="Is Pal" owner="assign1">
<msg time="2024-06-28T17:44:18.574126" level="INFO">${json_body} = Yes</msg>
<var>${json_body}</var>
<arg>abccba</arg>
<status status="PASS" start="2024-06-28T17:44:18.573905" elapsed="0.000259"/>
</kw>
<kw name="Log To Console" owner="BuiltIn">
<arg>${json_body}</arg>
<doc>Logs the given message to the console.</doc>
<status status="PASS" start="2024-06-28T17:44:18.574399" elapsed="0.000199"/>
</kw>
<status status="PASS" start="2024-06-28T17:44:18.572907" elapsed="0.001857"/>
</test>
<status status="PASS" start="2024-06-28T17:44:17.235785" elapsed="1.339455"/>
</suite>
<statistics>
<total>
<stat pass="1" fail="0" skip="0">All Tests</stat>
</total>
<tag>
</tag>
<suite>
<stat pass="1" fail="0" skip="0" id="s1" name="TC2">TC2</stat>
</suite>
</statistics>
<errors>
</errors>
</robot>
